"clang -o conftest -I/Users/jessica.leach/.rbenv/versions/2.4.2/include/ruby-2.4.0/x86_64-darwin17 -I/Users/jessica.leach/.rbenv/versions/2.4.2/include/ruby-2.4.0/ruby/backward -I/Users/jessica.leach/.rbenv/versions/2.4.2/include/ruby-2.4.0 -I. -I/Users/jessica.leach/.rbenv/versions/2.4.2/include  -D_XOPEN_SOURCE -D_DARWIN_C_SOURCE -D_DARWIN_UNLIMITED_SELECT -D_REENTRANT    -O3 -Wno-error=shorten-64-to-32  -pipe  conftest.c  -L. -L/Users/jessica.leach/.rbenv/versions/2.4.2/lib -L. -L/Users/jessica.leach/.rbenv/versions/2.4.2/lib  -fstack-protector -L/usr/local/lib     -lruby-static -framework CoreFoundation  -lpthread -lgmp -ldl -lobjc  "
ld: warning: text-based stub file /System/Library/Frameworks//CoreFoundation.framework/CoreFoundation.tbd and library file /System/Library/Frameworks//CoreFoundation.framework/CoreFoundation are out of sync. Falling back to library file for linking.
checked program was:
/* begin */
1: #include "ruby.h"
2: 
3: int main(int argc, char **argv)
4: {
5:   return 0;
6: }
/* end */

"clang -I/Users/jessica.leach/.rbenv/versions/2.4.2/include/ruby-2.4.0/x86_64-darwin17 -I/Users/jessica.leach/.rbenv/versions/2.4.2/include/ruby-2.4.0/ruby/backward -I/Users/jessica.leach/.rbenv/versions/2.4.2/include/ruby-2.4.0 -I. -I/Users/jessica.leach/.rbenv/versions/2.4.2/include  -D_XOPEN_SOURCE -D_DARWIN_C_SOURCE -D_DARWIN_UNLIMITED_SELECT -D_REENTRANT    -O3 -Wno-error=shorten-64-to-32  -pipe    -Werror -c conftest.c"
checked program was:
/* begin */
1: #include "ruby.h"
2: 
3: int main() {return 0;}
/* end */

"clang -I/Users/jessica.leach/.rbenv/versions/2.4.2/include/ruby-2.4.0/x86_64-darwin17 -I/Users/jessica.leach/.rbenv/versions/2.4.2/include/ruby-2.4.0/ruby/backward -I/Users/jessica.leach/.rbenv/versions/2.4.2/include/ruby-2.4.0 -I. -I/Users/jessica.leach/.rbenv/versions/2.4.2/include  -D_XOPEN_SOURCE -D_DARWIN_C_SOURCE -D_DARWIN_UNLIMITED_SELECT -D_REENTRANT    -O3 -Wno-error=shorten-64-to-32  -pipe  -Wno-error=unused-command-line-argument-hard-error-in-future   -Werror -c conftest.c"
error: unknown warning option '-Werror=unused-command-line-argument-hard-error-in-future'; did you mean '-Werror=unused-command-line-argument'? [-Werror,-Wunknown-warning-option]
checked program was:
/* begin */
1: #include "ruby.h"
2: 
3: int main() {return 0;}
/* end */

"pkg-config --exists libxslt"
| pkg-config --libs libxslt
=> "-lxslt -lxml2 -lz -lpthread -licucore -lm -lxml2\n"
"clang -o conftest -I/Users/jessica.leach/.rbenv/versions/2.4.2/include/ruby-2.4.0/x86_64-darwin17 -I/Users/jessica.leach/.rbenv/versions/2.4.2/include/ruby-2.4.0/ruby/backward -I/Users/jessica.leach/.rbenv/versions/2.4.2/include/ruby-2.4.0 -I. -I/usr/local/opt/libxml2/include/libxml2 -I/Users/jessica.leach/.rbenv/versions/2.4.2/include  -D_XOPEN_SOURCE -D_DARWIN_C_SOURCE -D_DARWIN_UNLIMITED_SELECT -D_REENTRANT    -O3 -Wno-error=shorten-64-to-32  -pipe  conftest.c  -L. -L/Users/jessica.leach/.rbenv/versions/2.4.2/lib -L. -L/Users/jessica.leach/.rbenv/versions/2.4.2/lib  -fstack-protector -L/usr/local/lib     -lruby-static -framework CoreFoundation -lxslt -lxml2 -lz -lpthread -licucore -lm -lxml2 -lpthread -lgmp -ldl -lobjc  "
ld: warning: text-based stub file /System/Library/Frameworks//CoreFoundation.framework/CoreFoundation.tbd and library file /System/Library/Frameworks//CoreFoundation.framework/CoreFoundation are out of sync. Falling back to library file for linking.
checked program was:
/* begin */
1: #include "ruby.h"
2: 
3: int main(int argc, char **argv)
4: {
5:   return 0;
6: }
/* end */

package configuration for libxslt is not found
"pkg-config --exists libexslt"
| pkg-config --libs libexslt
=> "-lexslt -lxslt -lxml2 -lz -lpthread -licucore -lm -lxml2\n"
"clang -o conftest -I/Users/jessica.leach/.rbenv/versions/2.4.2/include/ruby-2.4.0/x86_64-darwin17 -I/Users/jessica.leach/.rbenv/versions/2.4.2/include/ruby-2.4.0/ruby/backward -I/Users/jessica.leach/.rbenv/versions/2.4.2/include/ruby-2.4.0 -I. -I/usr/local/opt/libxml2/include/libxml2 -I/Users/jessica.leach/.rbenv/versions/2.4.2/include  -D_XOPEN_SOURCE -D_DARWIN_C_SOURCE -D_DARWIN_UNLIMITED_SELECT -D_REENTRANT    -O3 -Wno-error=shorten-64-to-32  -pipe  conftest.c  -L. -L/Users/jessica.leach/.rbenv/versions/2.4.2/lib -L. -L/Users/jessica.leach/.rbenv/versions/2.4.2/lib  -fstack-protector -L/usr/local/lib     -lruby-static -framework CoreFoundation -lexslt -lxslt -lxml2 -lz -lpthread -licucore -lm -lxml2 -lpthread -lgmp -ldl -lobjc  "
ld: warning: text-based stub file /System/Library/Frameworks//CoreFoundation.framework/CoreFoundation.tbd and library file /System/Library/Frameworks//CoreFoundation.framework/CoreFoundation are out of sync. Falling back to library file for linking.
checked program was:
/* begin */
1: #include "ruby.h"
2: 
3: int main(int argc, char **argv)
4: {
5:   return 0;
6: }
/* end */

package configuration for libexslt is not found
"clang -E -I/Users/jessica.leach/.rbenv/versions/2.4.2/include/ruby-2.4.0/x86_64-darwin17 -I/Users/jessica.leach/.rbenv/versions/2.4.2/include/ruby-2.4.0/ruby/backward -I/Users/jessica.leach/.rbenv/versions/2.4.2/include/ruby-2.4.0 -I. -I/usr/local/opt/libxml2/include/libxml2 -I/Users/jessica.leach/.rbenv/versions/2.4.2/include  -D_XOPEN_SOURCE -D_DARWIN_C_SOURCE -D_DARWIN_UNLIMITED_SELECT -D_REENTRANT    -O3 -Wno-error=shorten-64-to-32  -pipe   conftest.c -o conftest.i"
checked program was:
/* begin */
1: #include "ruby.h"
2: 
3: #include <libxml/xmlversion.h>
/* end */

"clang -E -I/Users/jessica.leach/.rbenv/versions/2.4.2/include/ruby-2.4.0/x86_64-darwin17 -I/Users/jessica.leach/.rbenv/versions/2.4.2/include/ruby-2.4.0/ruby/backward -I/Users/jessica.leach/.rbenv/versions/2.4.2/include/ruby-2.4.0 -I. -I/usr/local/opt/libxml2/include/libxml2 -I/Users/jessica.leach/.rbenv/versions/2.4.2/include  -D_XOPEN_SOURCE -D_DARWIN_C_SOURCE -D_DARWIN_UNLIMITED_SELECT -D_REENTRANT    -O3 -Wno-error=shorten-64-to-32  -pipe   conftest.c -o conftest.i"
checked program was:
/* begin */
1: #include "ruby.h"
2: 
3: #include <libxml/xmlversion.h>
4: #if LIBXML_VERSION < 20621
5: #error libxml2 is older than 2.6.21
6: #endif
/* end */

"clang -E -I/Users/jessica.leach/.rbenv/versions/2.4.2/include/ruby-2.4.0/x86_64-darwin17 -I/Users/jessica.leach/.rbenv/versions/2.4.2/include/ruby-2.4.0/ruby/backward -I/Users/jessica.leach/.rbenv/versions/2.4.2/include/ruby-2.4.0 -I. -I/usr/local/opt/libxml2/include/libxml2 -I/Users/jessica.leach/.rbenv/versions/2.4.2/include  -D_XOPEN_SOURCE -D_DARWIN_C_SOURCE -D_DARWIN_UNLIMITED_SELECT -D_REENTRANT    -O3 -Wno-error=shorten-64-to-32  -pipe   conftest.c -o conftest.i"
checked program was:
/* begin */
1: #include "ruby.h"
2: 
3: #include <libxml/xmlversion.h>
4: #if LIBXML_VERSION < 20903
5: #error libxml2 is older than 2.9.3
6: #endif
/* end */

have_func: checking for xmlParseDoc() in libxml/parser.h... -------------------- no

"clang -o conftest -I/Users/jessica.leach/.rbenv/versions/2.4.2/include/ruby-2.4.0/x86_64-darwin17 -I/Users/jessica.leach/.rbenv/versions/2.4.2/include/ruby-2.4.0/ruby/backward -I/Users/jessica.leach/.rbenv/versions/2.4.2/include/ruby-2.4.0 -I. -I/usr/local/opt/libxml2/include/libxml2 -I/Users/jessica.leach/.rbenv/versions/2.4.2/include  -D_XOPEN_SOURCE -D_DARWIN_C_SOURCE -D_DARWIN_UNLIMITED_SELECT -D_REENTRANT    -O3 -Wno-error=shorten-64-to-32  -pipe  conftest.c  -L. -L/Users/jessica.leach/.rbenv/versions/2.4.2/lib -L. -L/Users/jessica.leach/.rbenv/versions/2.4.2/lib  -fstack-protector -L/usr/local/lib     -lruby-static -framework CoreFoundation  -lpthread -lgmp -ldl -lobjc  "
ld: warning: text-based stub file /System/Library/Frameworks//CoreFoundation.framework/CoreFoundation.tbd and library file /System/Library/Frameworks//CoreFoundation.framework/CoreFoundation are out of sync. Falling back to library file for linking.
Undefined symbols for architecture x86_64:
  "_xmlParseDoc", referenced from:
      _t in conftest-d3b0d6.o
ld: symbol(s) not found for architecture x86_64
clang: error: linker command failed with exit code 1 (use -v to see invocation)
checked program was:
/* begin */
 1: #include "ruby.h"
 2: 
 3: #include <libxml/parser.h>
 4: 
 5: /*top*/
 6: extern int t(void);
 7: int main(int argc, char **argv)
 8: {
 9:   if (argc > 1000000) {
10:     printf("%p", &t);
11:   }
12: 
13:   return 0;
14: }
15: int t(void) { void ((*volatile p)()); p = (void ((*)()))xmlParseDoc; return !p; }
/* end */

"clang -o conftest -I/Users/jessica.leach/.rbenv/versions/2.4.2/include/ruby-2.4.0/x86_64-darwin17 -I/Users/jessica.leach/.rbenv/versions/2.4.2/include/ruby-2.4.0/ruby/backward -I/Users/jessica.leach/.rbenv/versions/2.4.2/include/ruby-2.4.0 -I. -I/usr/local/opt/libxml2/include/libxml2 -I/Users/jessica.leach/.rbenv/versions/2.4.2/include  -D_XOPEN_SOURCE -D_DARWIN_C_SOURCE -D_DARWIN_UNLIMITED_SELECT -D_REENTRANT    -O3 -Wno-error=shorten-64-to-32  -pipe  conftest.c  -L. -L/Users/jessica.leach/.rbenv/versions/2.4.2/lib -L. -L/Users/jessica.leach/.rbenv/versions/2.4.2/lib  -fstack-protector -L/usr/local/lib     -lruby-static -framework CoreFoundation  -lpthread -lgmp -ldl -lobjc  "
conftest.c:15:13: error: conflicting types for 'xmlParseDoc'
extern void xmlParseDoc();
            ^
/usr/local/opt/libxml2/include/libxml2/libxml/parser.h:842:3: note: previous declaration is here
                xmlParseDoc             (const xmlChar *cur);
                ^
conftest.c:16:27: error: too few arguments to function call, single argument 'cur' was not specified
int t(void) { xmlParseDoc(); return 0; }
              ~~~~~~~~~~~ ^
/usr/local/opt/libxml2/include/libxml2/libxml/parser.h:841:11: note: 'xmlParseDoc' declared here
XMLPUBFUN xmlDocPtr XMLCALL
          ^
2 errors generated.
checked program was:
/* begin */
 1: #include "ruby.h"
 2: 
 3: #include <libxml/parser.h>
 4: 
 5: /*top*/
 6: extern int t(void);
 7: int main(int argc, char **argv)
 8: {
 9:   if (argc > 1000000) {
10:     printf("%p", &t);
11:   }
12: 
13:   return 0;
14: }
15: extern void xmlParseDoc();
16: int t(void) { xmlParseDoc(); return 0; }
/* end */

--------------------

have_library: checking for xmlParseDoc() in -lxml2... -------------------- yes

"clang -o conftest -I/Users/jessica.leach/.rbenv/versions/2.4.2/include/ruby-2.4.0/x86_64-darwin17 -I/Users/jessica.leach/.rbenv/versions/2.4.2/include/ruby-2.4.0/ruby/backward -I/Users/jessica.leach/.rbenv/versions/2.4.2/include/ruby-2.4.0 -I. -I/usr/local/opt/libxml2/include/libxml2 -I/Users/jessica.leach/.rbenv/versions/2.4.2/include  -D_XOPEN_SOURCE -D_DARWIN_C_SOURCE -D_DARWIN_UNLIMITED_SELECT -D_REENTRANT    -O3 -Wno-error=shorten-64-to-32  -pipe  conftest.c  -L. -L/Users/jessica.leach/.rbenv/versions/2.4.2/lib -L. -L/Users/jessica.leach/.rbenv/versions/2.4.2/lib  -fstack-protector -L/usr/local/lib     -lruby-static -framework CoreFoundation -lxml2  -lpthread -lgmp -ldl -lobjc  "
ld: warning: text-based stub file /System/Library/Frameworks//CoreFoundation.framework/CoreFoundation.tbd and library file /System/Library/Frameworks//CoreFoundation.framework/CoreFoundation are out of sync. Falling back to library file for linking.
checked program was:
/* begin */
 1: #include "ruby.h"
 2: 
 3: #include <libxml/parser.h>
 4: 
 5: /*top*/
 6: extern int t(void);
 7: int main(int argc, char **argv)
 8: {
 9:   if (argc > 1000000) {
10:     printf("%p", &t);
11:   }
12: 
13:   return 0;
14: }
15: int t(void) { void ((*volatile p)()); p = (void ((*)()))xmlParseDoc; return !p; }
/* end */

--------------------

have_func: checking for xsltParseStylesheetDoc() in libxslt/xslt.h... -------------------- no

"clang -o conftest -I/Users/jessica.leach/.rbenv/versions/2.4.2/include/ruby-2.4.0/x86_64-darwin17 -I/Users/jessica.leach/.rbenv/versions/2.4.2/include/ruby-2.4.0/ruby/backward -I/Users/jessica.leach/.rbenv/versions/2.4.2/include/ruby-2.4.0 -I. -I/usr/local/opt/libxml2/include/libxml2 -I/Users/jessica.leach/.rbenv/versions/2.4.2/include  -D_XOPEN_SOURCE -D_DARWIN_C_SOURCE -D_DARWIN_UNLIMITED_SELECT -D_REENTRANT    -O3 -Wno-error=shorten-64-to-32  -pipe  conftest.c  -L. -L/Users/jessica.leach/.rbenv/versions/2.4.2/lib -L. -L/Users/jessica.leach/.rbenv/versions/2.4.2/lib  -fstack-protector -L/usr/local/lib    -lxml2  -lruby-static -framework CoreFoundation -lxml2  -lpthread -lgmp -ldl -lobjc  "
conftest.c:15:57: error: use of undeclared identifier 'xsltParseStylesheetDoc'
int t(void) { void ((*volatile p)()); p = (void ((*)()))xsltParseStylesheetDoc; return !p; }
                                                        ^
1 error generated.
checked program was:
/* begin */
 1: #include "ruby.h"
 2: 
 3: #include <libxslt/xslt.h>
 4: 
 5: /*top*/
 6: extern int t(void);
 7: int main(int argc, char **argv)
 8: {
 9:   if (argc > 1000000) {
10:     printf("%p", &t);
11:   }
12: 
13:   return 0;
14: }
15: int t(void) { void ((*volatile p)()); p = (void ((*)()))xsltParseStylesheetDoc; return !p; }
/* end */

"clang -o conftest -I/Users/jessica.leach/.rbenv/versions/2.4.2/include/ruby-2.4.0/x86_64-darwin17 -I/Users/jessica.leach/.rbenv/versions/2.4.2/include/ruby-2.4.0/ruby/backward -I/Users/jessica.leach/.rbenv/versions/2.4.2/include/ruby-2.4.0 -I. -I/usr/local/opt/libxml2/include/libxml2 -I/Users/jessica.leach/.rbenv/versions/2.4.2/include  -D_XOPEN_SOURCE -D_DARWIN_C_SOURCE -D_DARWIN_UNLIMITED_SELECT -D_REENTRANT    -O3 -Wno-error=shorten-64-to-32  -pipe  conftest.c  -L. -L/Users/jessica.leach/.rbenv/versions/2.4.2/lib -L. -L/Users/jessica.leach/.rbenv/versions/2.4.2/lib  -fstack-protector -L/usr/local/lib    -lxml2  -lruby-static -framework CoreFoundation -lxml2  -lpthread -lgmp -ldl -lobjc  "
ld: warning: text-based stub file /System/Library/Frameworks//CoreFoundation.framework/CoreFoundation.tbd and library file /System/Library/Frameworks//CoreFoundation.framework/CoreFoundation are out of sync. Falling back to library file for linking.
Undefined symbols for architecture x86_64:
  "_xsltParseStylesheetDoc", referenced from:
      _t in conftest-b9211e.o
ld: symbol(s) not found for architecture x86_64
clang: error: linker command failed with exit code 1 (use -v to see invocation)
checked program was:
/* begin */
 1: #include "ruby.h"
 2: 
 3: #include <libxslt/xslt.h>
 4: 
 5: /*top*/
 6: extern int t(void);
 7: int main(int argc, char **argv)
 8: {
 9:   if (argc > 1000000) {
10:     printf("%p", &t);
11:   }
12: 
13:   return 0;
14: }
15: extern void xsltParseStylesheetDoc();
16: int t(void) { xsltParseStylesheetDoc(); return 0; }
/* end */

--------------------

have_library: checking for xsltParseStylesheetDoc() in -lxslt... -------------------- yes

"clang -o conftest -I/Users/jessica.leach/.rbenv/versions/2.4.2/include/ruby-2.4.0/x86_64-darwin17 -I/Users/jessica.leach/.rbenv/versions/2.4.2/include/ruby-2.4.0/ruby/backward -I/Users/jessica.leach/.rbenv/versions/2.4.2/include/ruby-2.4.0 -I. -I/usr/local/opt/libxml2/include/libxml2 -I/Users/jessica.leach/.rbenv/versions/2.4.2/include  -D_XOPEN_SOURCE -D_DARWIN_C_SOURCE -D_DARWIN_UNLIMITED_SELECT -D_REENTRANT    -O3 -Wno-error=shorten-64-to-32  -pipe  conftest.c  -L. -L/Users/jessica.leach/.rbenv/versions/2.4.2/lib -L. -L/Users/jessica.leach/.rbenv/versions/2.4.2/lib  -fstack-protector -L/usr/local/lib    -lxml2  -lruby-static -framework CoreFoundation -lxslt -lxml2  -lpthread -lgmp -ldl -lobjc  "
conftest.c:15:57: error: use of undeclared identifier 'xsltParseStylesheetDoc'
int t(void) { void ((*volatile p)()); p = (void ((*)()))xsltParseStylesheetDoc; return !p; }
                                                        ^
1 error generated.
checked program was:
/* begin */
 1: #include "ruby.h"
 2: 
 3: #include <libxslt/xslt.h>
 4: 
 5: /*top*/
 6: extern int t(void);
 7: int main(int argc, char **argv)
 8: {
 9:   if (argc > 1000000) {
10:     printf("%p", &t);
11:   }
12: 
13:   return 0;
14: }
15: int t(void) { void ((*volatile p)()); p = (void ((*)()))xsltParseStylesheetDoc; return !p; }
/* end */

"clang -o conftest -I/Users/jessica.leach/.rbenv/versions/2.4.2/include/ruby-2.4.0/x86_64-darwin17 -I/Users/jessica.leach/.rbenv/versions/2.4.2/include/ruby-2.4.0/ruby/backward -I/Users/jessica.leach/.rbenv/versions/2.4.2/include/ruby-2.4.0 -I. -I/usr/local/opt/libxml2/include/libxml2 -I/Users/jessica.leach/.rbenv/versions/2.4.2/include  -D_XOPEN_SOURCE -D_DARWIN_C_SOURCE -D_DARWIN_UNLIMITED_SELECT -D_REENTRANT    -O3 -Wno-error=shorten-64-to-32  -pipe  conftest.c  -L. -L/Users/jessica.leach/.rbenv/versions/2.4.2/lib -L. -L/Users/jessica.leach/.rbenv/versions/2.4.2/lib  -fstack-protector -L/usr/local/lib    -lxml2  -lruby-static -framework CoreFoundation -lxslt -lxml2  -lpthread -lgmp -ldl -lobjc  "
ld: warning: text-based stub file /System/Library/Frameworks//CoreFoundation.framework/CoreFoundation.tbd and library file /System/Library/Frameworks//CoreFoundation.framework/CoreFoundation are out of sync. Falling back to library file for linking.
checked program was:
/* begin */
 1: #include "ruby.h"
 2: 
 3: #include <libxslt/xslt.h>
 4: 
 5: /*top*/
 6: extern int t(void);
 7: int main(int argc, char **argv)
 8: {
 9:   if (argc > 1000000) {
10:     printf("%p", &t);
11:   }
12: 
13:   return 0;
14: }
15: extern void xsltParseStylesheetDoc();
16: int t(void) { xsltParseStylesheetDoc(); return 0; }
/* end */

--------------------

have_func: checking for exsltFuncRegister() in libexslt/exslt.h... -------------------- no

"clang -o conftest -I/Users/jessica.leach/.rbenv/versions/2.4.2/include/ruby-2.4.0/x86_64-darwin17 -I/Users/jessica.leach/.rbenv/versions/2.4.2/include/ruby-2.4.0/ruby/backward -I/Users/jessica.leach/.rbenv/versions/2.4.2/include/ruby-2.4.0 -I. -I/usr/local/opt/libxml2/include/libxml2 -I/Users/jessica.leach/.rbenv/versions/2.4.2/include  -D_XOPEN_SOURCE -D_DARWIN_C_SOURCE -D_DARWIN_UNLIMITED_SELECT -D_REENTRANT    -O3 -Wno-error=shorten-64-to-32  -pipe  conftest.c  -L. -L/Users/jessica.leach/.rbenv/versions/2.4.2/lib -L. -L/Users/jessica.leach/.rbenv/versions/2.4.2/lib  -fstack-protector -L/usr/local/lib    -lxslt -lxml2  -lruby-static -framework CoreFoundation -lxslt -lxml2  -lpthread -lgmp -ldl -lobjc  "
ld: warning: text-based stub file /System/Library/Frameworks//CoreFoundation.framework/CoreFoundation.tbd and library file /System/Library/Frameworks//CoreFoundation.framework/CoreFoundation are out of sync. Falling back to library file for linking.
Undefined symbols for architecture x86_64:
  "_exsltFuncRegister", referenced from:
      _t in conftest-b3f93c.o
ld: symbol(s) not found for architecture x86_64
clang: error: linker command failed with exit code 1 (use -v to see invocation)
checked program was:
/* begin */
 1: #include "ruby.h"
 2: 
 3: #include <libexslt/exslt.h>
 4: 
 5: /*top*/
 6: extern int t(void);
 7: int main(int argc, char **argv)
 8: {
 9:   if (argc > 1000000) {
10:     printf("%p", &t);
11:   }
12: 
13:   return 0;
14: }
15: int t(void) { void ((*volatile p)()); p = (void ((*)()))exsltFuncRegister; return !p; }
/* end */

"clang -o conftest -I/Users/jessica.leach/.rbenv/versions/2.4.2/include/ruby-2.4.0/x86_64-darwin17 -I/Users/jessica.leach/.rbenv/versions/2.4.2/include/ruby-2.4.0/ruby/backward -I/Users/jessica.leach/.rbenv/versions/2.4.2/include/ruby-2.4.0 -I. -I/usr/local/opt/libxml2/include/libxml2 -I/Users/jessica.leach/.rbenv/versions/2.4.2/include  -D_XOPEN_SOURCE -D_DARWIN_C_SOURCE -D_DARWIN_UNLIMITED_SELECT -D_REENTRANT    -O3 -Wno-error=shorten-64-to-32  -pipe  conftest.c  -L. -L/Users/jessica.leach/.rbenv/versions/2.4.2/lib -L. -L/Users/jessica.leach/.rbenv/versions/2.4.2/lib  -fstack-protector -L/usr/local/lib    -lxslt -lxml2  -lruby-static -framework CoreFoundation -lxslt -lxml2  -lpthread -lgmp -ldl -lobjc  "
ld: warning: text-based stub file /System/Library/Frameworks//CoreFoundation.framework/CoreFoundation.tbd and library file /System/Library/Frameworks//CoreFoundation.framework/CoreFoundation are out of sync. Falling back to library file for linking.
Undefined symbols for architecture x86_64:
  "_exsltFuncRegister", referenced from:
      _t in conftest-32a089.o
ld: symbol(s) not found for architecture x86_64
clang: error: linker command failed with exit code 1 (use -v to see invocation)
checked program was:
/* begin */
 1: #include "ruby.h"
 2: 
 3: #include <libexslt/exslt.h>
 4: 
 5: /*top*/
 6: extern int t(void);
 7: int main(int argc, char **argv)
 8: {
 9:   if (argc > 1000000) {
10:     printf("%p", &t);
11:   }
12: 
13:   return 0;
14: }
15: extern void exsltFuncRegister();
16: int t(void) { exsltFuncRegister(); return 0; }
/* end */

--------------------

have_library: checking for exsltFuncRegister() in -lexslt... -------------------- yes

"clang -o conftest -I/Users/jessica.leach/.rbenv/versions/2.4.2/include/ruby-2.4.0/x86_64-darwin17 -I/Users/jessica.leach/.rbenv/versions/2.4.2/include/ruby-2.4.0/ruby/backward -I/Users/jessica.leach/.rbenv/versions/2.4.2/include/ruby-2.4.0 -I. -I/usr/local/opt/libxml2/include/libxml2 -I/Users/jessica.leach/.rbenv/versions/2.4.2/include  -D_XOPEN_SOURCE -D_DARWIN_C_SOURCE -D_DARWIN_UNLIMITED_SELECT -D_REENTRANT    -O3 -Wno-error=shorten-64-to-32  -pipe  conftest.c  -L. -L/Users/jessica.leach/.rbenv/versions/2.4.2/lib -L. -L/Users/jessica.leach/.rbenv/versions/2.4.2/lib  -fstack-protector -L/usr/local/lib    -lxslt -lxml2  -lruby-static -framework CoreFoundation -lexslt -lxslt -lxml2  -lpthread -lgmp -ldl -lobjc  "
ld: warning: text-based stub file /System/Library/Frameworks//CoreFoundation.framework/CoreFoundation.tbd and library file /System/Library/Frameworks//CoreFoundation.framework/CoreFoundation are out of sync. Falling back to library file for linking.
checked program was:
/* begin */
 1: #include "ruby.h"
 2: 
 3: #include <libexslt/exslt.h>
 4: 
 5: /*top*/
 6: extern int t(void);
 7: int main(int argc, char **argv)
 8: {
 9:   if (argc > 1000000) {
10:     printf("%p", &t);
11:   }
12: 
13:   return 0;
14: }
15: int t(void) { void ((*volatile p)()); p = (void ((*)()))exsltFuncRegister; return !p; }
/* end */

--------------------

have_func: checking for xmlHasFeature()... -------------------- yes

"clang -o conftest -I/Users/jessica.leach/.rbenv/versions/2.4.2/include/ruby-2.4.0/x86_64-darwin17 -I/Users/jessica.leach/.rbenv/versions/2.4.2/include/ruby-2.4.0/ruby/backward -I/Users/jessica.leach/.rbenv/versions/2.4.2/include/ruby-2.4.0 -I. -I/usr/local/opt/libxml2/include/libxml2 -I/Users/jessica.leach/.rbenv/versions/2.4.2/include  -D_XOPEN_SOURCE -D_DARWIN_C_SOURCE -D_DARWIN_UNLIMITED_SELECT -D_REENTRANT    -O3 -Wno-error=shorten-64-to-32  -pipe  conftest.c  -L. -L/Users/jessica.leach/.rbenv/versions/2.4.2/lib -L. -L/Users/jessica.leach/.rbenv/versions/2.4.2/lib  -fstack-protector -L/usr/local/lib    -lexslt -lxslt -lxml2  -lruby-static -framework CoreFoundation -lexslt -lxslt -lxml2  -lpthread -lgmp -ldl -lobjc  "
conftest.c:13:57: error: use of undeclared identifier 'xmlHasFeature'
int t(void) { void ((*volatile p)()); p = (void ((*)()))xmlHasFeature; return !p; }
                                                        ^
1 error generated.
checked program was:
/* begin */
 1: #include "ruby.h"
 2: 
 3: /*top*/
 4: extern int t(void);
 5: int main(int argc, char **argv)
 6: {
 7:   if (argc > 1000000) {
 8:     printf("%p", &t);
 9:   }
10: 
11:   return 0;
12: }
13: int t(void) { void ((*volatile p)()); p = (void ((*)()))xmlHasFeature; return !p; }
/* end */

"clang -o conftest -I/Users/jessica.leach/.rbenv/versions/2.4.2/include/ruby-2.4.0/x86_64-darwin17 -I/Users/jessica.leach/.rbenv/versions/2.4.2/include/ruby-2.4.0/ruby/backward -I/Users/jessica.leach/.rbenv/versions/2.4.2/include/ruby-2.4.0 -I. -I/usr/local/opt/libxml2/include/libxml2 -I/Users/jessica.leach/.rbenv/versions/2.4.2/include  -D_XOPEN_SOURCE -D_DARWIN_C_SOURCE -D_DARWIN_UNLIMITED_SELECT -D_REENTRANT    -O3 -Wno-error=shorten-64-to-32  -pipe  conftest.c  -L. -L/Users/jessica.leach/.rbenv/versions/2.4.2/lib -L. -L/Users/jessica.leach/.rbenv/versions/2.4.2/lib  -fstack-protector -L/usr/local/lib    -lexslt -lxslt -lxml2  -lruby-static -framework CoreFoundation -lexslt -lxslt -lxml2  -lpthread -lgmp -ldl -lobjc  "
ld: warning: text-based stub file /System/Library/Frameworks//CoreFoundation.framework/CoreFoundation.tbd and library file /System/Library/Frameworks//CoreFoundation.framework/CoreFoundation are out of sync. Falling back to library file for linking.
checked program was:
/* begin */
 1: #include "ruby.h"
 2: 
 3: /*top*/
 4: extern int t(void);
 5: int main(int argc, char **argv)
 6: {
 7:   if (argc > 1000000) {
 8:     printf("%p", &t);
 9:   }
10: 
11:   return 0;
12: }
13: extern void xmlHasFeature();
14: int t(void) { xmlHasFeature(); return 0; }
/* end */

--------------------

have_func: checking for xmlFirstElementChild()... -------------------- yes

"clang -o conftest -I/Users/jessica.leach/.rbenv/versions/2.4.2/include/ruby-2.4.0/x86_64-darwin17 -I/Users/jessica.leach/.rbenv/versions/2.4.2/include/ruby-2.4.0/ruby/backward -I/Users/jessica.leach/.rbenv/versions/2.4.2/include/ruby-2.4.0 -I. -I/usr/local/opt/libxml2/include/libxml2 -I/Users/jessica.leach/.rbenv/versions/2.4.2/include  -D_XOPEN_SOURCE -D_DARWIN_C_SOURCE -D_DARWIN_UNLIMITED_SELECT -D_REENTRANT    -O3 -Wno-error=shorten-64-to-32  -pipe  conftest.c  -L. -L/Users/jessica.leach/.rbenv/versions/2.4.2/lib -L. -L/Users/jessica.leach/.rbenv/versions/2.4.2/lib  -fstack-protector -L/usr/local/lib    -lexslt -lxslt -lxml2  -lruby-static -framework CoreFoundation -lexslt -lxslt -lxml2  -lpthread -lgmp -ldl -lobjc  "
conftest.c:13:57: error: use of undeclared identifier 'xmlFirstElementChild'
int t(void) { void ((*volatile p)()); p = (void ((*)()))xmlFirstElementChild; return !p; }
                                                        ^
1 error generated.
checked program was:
/* begin */
 1: #include "ruby.h"
 2: 
 3: /*top*/
 4: extern int t(void);
 5: int main(int argc, char **argv)
 6: {
 7:   if (argc > 1000000) {
 8:     printf("%p", &t);
 9:   }
10: 
11:   return 0;
12: }
13: int t(void) { void ((*volatile p)()); p = (void ((*)()))xmlFirstElementChild; return !p; }
/* end */

"clang -o conftest -I/Users/jessica.leach/.rbenv/versions/2.4.2/include/ruby-2.4.0/x86_64-darwin17 -I/Users/jessica.leach/.rbenv/versions/2.4.2/include/ruby-2.4.0/ruby/backward -I/Users/jessica.leach/.rbenv/versions/2.4.2/include/ruby-2.4.0 -I. -I/usr/local/opt/libxml2/include/libxml2 -I/Users/jessica.leach/.rbenv/versions/2.4.2/include  -D_XOPEN_SOURCE -D_DARWIN_C_SOURCE -D_DARWIN_UNLIMITED_SELECT -D_REENTRANT    -O3 -Wno-error=shorten-64-to-32  -pipe  conftest.c  -L. -L/Users/jessica.leach/.rbenv/versions/2.4.2/lib -L. -L/Users/jessica.leach/.rbenv/versions/2.4.2/lib  -fstack-protector -L/usr/local/lib    -lexslt -lxslt -lxml2  -lruby-static -framework CoreFoundation -lexslt -lxslt -lxml2  -lpthread -lgmp -ldl -lobjc  "
ld: warning: text-based stub file /System/Library/Frameworks//CoreFoundation.framework/CoreFoundation.tbd and library file /System/Library/Frameworks//CoreFoundation.framework/CoreFoundation are out of sync. Falling back to library file for linking.
checked program was:
/* begin */
 1: #include "ruby.h"
 2: 
 3: /*top*/
 4: extern int t(void);
 5: int main(int argc, char **argv)
 6: {
 7:   if (argc > 1000000) {
 8:     printf("%p", &t);
 9:   }
10: 
11:   return 0;
12: }
13: extern void xmlFirstElementChild();
14: int t(void) { xmlFirstElementChild(); return 0; }
/* end */

--------------------

have_func: checking for xmlRelaxNGSetParserStructuredErrors()... -------------------- yes

"clang -o conftest -I/Users/jessica.leach/.rbenv/versions/2.4.2/include/ruby-2.4.0/x86_64-darwin17 -I/Users/jessica.leach/.rbenv/versions/2.4.2/include/ruby-2.4.0/ruby/backward -I/Users/jessica.leach/.rbenv/versions/2.4.2/include/ruby-2.4.0 -I. -I/usr/local/opt/libxml2/include/libxml2 -I/Users/jessica.leach/.rbenv/versions/2.4.2/include  -D_XOPEN_SOURCE -D_DARWIN_C_SOURCE -D_DARWIN_UNLIMITED_SELECT -D_REENTRANT    -O3 -Wno-error=shorten-64-to-32  -pipe  conftest.c  -L. -L/Users/jessica.leach/.rbenv/versions/2.4.2/lib -L. -L/Users/jessica.leach/.rbenv/versions/2.4.2/lib  -fstack-protector -L/usr/local/lib    -lexslt -lxslt -lxml2  -lruby-static -framework CoreFoundation -lexslt -lxslt -lxml2  -lpthread -lgmp -ldl -lobjc  "
conftest.c:13:57: error: use of undeclared identifier 'xmlRelaxNGSetParserStructuredErrors'
int t(void) { void ((*volatile p)()); p = (void ((*)()))xmlRelaxNGSetParserStructuredErrors; return !p; }
                                                        ^
1 error generated.
checked program was:
/* begin */
 1: #include "ruby.h"
 2: 
 3: /*top*/
 4: extern int t(void);
 5: int main(int argc, char **argv)
 6: {
 7:   if (argc > 1000000) {
 8:     printf("%p", &t);
 9:   }
10: 
11:   return 0;
12: }
13: int t(void) { void ((*volatile p)()); p = (void ((*)()))xmlRelaxNGSetParserStructuredErrors; return !p; }
/* end */

"clang -o conftest -I/Users/jessica.leach/.rbenv/versions/2.4.2/include/ruby-2.4.0/x86_64-darwin17 -I/Users/jessica.leach/.rbenv/versions/2.4.2/include/ruby-2.4.0/ruby/backward -I/Users/jessica.leach/.rbenv/versions/2.4.2/include/ruby-2.4.0 -I. -I/usr/local/opt/libxml2/include/libxml2 -I/Users/jessica.leach/.rbenv/versions/2.4.2/include  -D_XOPEN_SOURCE -D_DARWIN_C_SOURCE -D_DARWIN_UNLIMITED_SELECT -D_REENTRANT    -O3 -Wno-error=shorten-64-to-32  -pipe  conftest.c  -L. -L/Users/jessica.leach/.rbenv/versions/2.4.2/lib -L. -L/Users/jessica.leach/.rbenv/versions/2.4.2/lib  -fstack-protector -L/usr/local/lib    -lexslt -lxslt -lxml2  -lruby-static -framework CoreFoundation -lexslt -lxslt -lxml2  -lpthread -lgmp -ldl -lobjc  "
ld: warning: text-based stub file /System/Library/Frameworks//CoreFoundation.framework/CoreFoundation.tbd and library file /System/Library/Frameworks//CoreFoundation.framework/CoreFoundation are out of sync. Falling back to library file for linking.
checked program was:
/* begin */
 1: #include "ruby.h"
 2: 
 3: /*top*/
 4: extern int t(void);
 5: int main(int argc, char **argv)
 6: {
 7:   if (argc > 1000000) {
 8:     printf("%p", &t);
 9:   }
10: 
11:   return 0;
12: }
13: extern void xmlRelaxNGSetParserStructuredErrors();
14: int t(void) { xmlRelaxNGSetParserStructuredErrors(); return 0; }
/* end */

--------------------

have_func: checking for xmlRelaxNGSetParserStructuredErrors()... -------------------- yes

"clang -o conftest -I/Users/jessica.leach/.rbenv/versions/2.4.2/include/ruby-2.4.0/x86_64-darwin17 -I/Users/jessica.leach/.rbenv/versions/2.4.2/include/ruby-2.4.0/ruby/backward -I/Users/jessica.leach/.rbenv/versions/2.4.2/include/ruby-2.4.0 -I. -I/usr/local/opt/libxml2/include/libxml2 -I/Users/jessica.leach/.rbenv/versions/2.4.2/include  -D_XOPEN_SOURCE -D_DARWIN_C_SOURCE -D_DARWIN_UNLIMITED_SELECT -D_REENTRANT    -O3 -Wno-error=shorten-64-to-32  -pipe  conftest.c  -L. -L/Users/jessica.leach/.rbenv/versions/2.4.2/lib -L. -L/Users/jessica.leach/.rbenv/versions/2.4.2/lib  -fstack-protector -L/usr/local/lib    -lexslt -lxslt -lxml2  -lruby-static -framework CoreFoundation -lexslt -lxslt -lxml2  -lpthread -lgmp -ldl -lobjc  "
conftest.c:13:57: error: use of undeclared identifier 'xmlRelaxNGSetParserStructuredErrors'
int t(void) { void ((*volatile p)()); p = (void ((*)()))xmlRelaxNGSetParserStructuredErrors; return !p; }
                                                        ^
1 error generated.
checked program was:
/* begin */
 1: #include "ruby.h"
 2: 
 3: /*top*/
 4: extern int t(void);
 5: int main(int argc, char **argv)
 6: {
 7:   if (argc > 1000000) {
 8:     printf("%p", &t);
 9:   }
10: 
11:   return 0;
12: }
13: int t(void) { void ((*volatile p)()); p = (void ((*)()))xmlRelaxNGSetParserStructuredErrors; return !p; }
/* end */

"clang -o conftest -I/Users/jessica.leach/.rbenv/versions/2.4.2/include/ruby-2.4.0/x86_64-darwin17 -I/Users/jessica.leach/.rbenv/versions/2.4.2/include/ruby-2.4.0/ruby/backward -I/Users/jessica.leach/.rbenv/versions/2.4.2/include/ruby-2.4.0 -I. -I/usr/local/opt/libxml2/include/libxml2 -I/Users/jessica.leach/.rbenv/versions/2.4.2/include  -D_XOPEN_SOURCE -D_DARWIN_C_SOURCE -D_DARWIN_UNLIMITED_SELECT -D_REENTRANT    -O3 -Wno-error=shorten-64-to-32  -pipe  conftest.c  -L. -L/Users/jessica.leach/.rbenv/versions/2.4.2/lib -L. -L/Users/jessica.leach/.rbenv/versions/2.4.2/lib  -fstack-protector -L/usr/local/lib    -lexslt -lxslt -lxml2  -lruby-static -framework CoreFoundation -lexslt -lxslt -lxml2  -lpthread -lgmp -ldl -lobjc  "
ld: warning: text-based stub file /System/Library/Frameworks//CoreFoundation.framework/CoreFoundation.tbd and library file /System/Library/Frameworks//CoreFoundation.framework/CoreFoundation are out of sync. Falling back to library file for linking.
checked program was:
/* begin */
 1: #include "ruby.h"
 2: 
 3: /*top*/
 4: extern int t(void);
 5: int main(int argc, char **argv)
 6: {
 7:   if (argc > 1000000) {
 8:     printf("%p", &t);
 9:   }
10: 
11:   return 0;
12: }
13: extern void xmlRelaxNGSetParserStructuredErrors();
14: int t(void) { xmlRelaxNGSetParserStructuredErrors(); return 0; }
/* end */

--------------------

have_func: checking for xmlRelaxNGSetValidStructuredErrors()... -------------------- yes

"clang -o conftest -I/Users/jessica.leach/.rbenv/versions/2.4.2/include/ruby-2.4.0/x86_64-darwin17 -I/Users/jessica.leach/.rbenv/versions/2.4.2/include/ruby-2.4.0/ruby/backward -I/Users/jessica.leach/.rbenv/versions/2.4.2/include/ruby-2.4.0 -I. -I/usr/local/opt/libxml2/include/libxml2 -I/Users/jessica.leach/.rbenv/versions/2.4.2/include  -D_XOPEN_SOURCE -D_DARWIN_C_SOURCE -D_DARWIN_UNLIMITED_SELECT -D_REENTRANT    -O3 -Wno-error=shorten-64-to-32  -pipe  conftest.c  -L. -L/Users/jessica.leach/.rbenv/versions/2.4.2/lib -L. -L/Users/jessica.leach/.rbenv/versions/2.4.2/lib  -fstack-protector -L/usr/local/lib    -lexslt -lxslt -lxml2  -lruby-static -framework CoreFoundation -lexslt -lxslt -lxml2  -lpthread -lgmp -ldl -lobjc  "
conftest.c:13:57: error: use of undeclared identifier 'xmlRelaxNGSetValidStructuredErrors'
int t(void) { void ((*volatile p)()); p = (void ((*)()))xmlRelaxNGSetValidStructuredErrors; return !p; }
                                                        ^
1 error generated.
checked program was:
/* begin */
 1: #include "ruby.h"
 2: 
 3: /*top*/
 4: extern int t(void);
 5: int main(int argc, char **argv)
 6: {
 7:   if (argc > 1000000) {
 8:     printf("%p", &t);
 9:   }
10: 
11:   return 0;
12: }
13: int t(void) { void ((*volatile p)()); p = (void ((*)()))xmlRelaxNGSetValidStructuredErrors; return !p; }
/* end */

"clang -o conftest -I/Users/jessica.leach/.rbenv/versions/2.4.2/include/ruby-2.4.0/x86_64-darwin17 -I/Users/jessica.leach/.rbenv/versions/2.4.2/include/ruby-2.4.0/ruby/backward -I/Users/jessica.leach/.rbenv/versions/2.4.2/include/ruby-2.4.0 -I. -I/usr/local/opt/libxml2/include/libxml2 -I/Users/jessica.leach/.rbenv/versions/2.4.2/include  -D_XOPEN_SOURCE -D_DARWIN_C_SOURCE -D_DARWIN_UNLIMITED_SELECT -D_REENTRANT    -O3 -Wno-error=shorten-64-to-32  -pipe  conftest.c  -L. -L/Users/jessica.leach/.rbenv/versions/2.4.2/lib -L. -L/Users/jessica.leach/.rbenv/versions/2.4.2/lib  -fstack-protector -L/usr/local/lib    -lexslt -lxslt -lxml2  -lruby-static -framework CoreFoundation -lexslt -lxslt -lxml2  -lpthread -lgmp -ldl -lobjc  "
ld: warning: text-based stub file /System/Library/Frameworks//CoreFoundation.framework/CoreFoundation.tbd and library file /System/Library/Frameworks//CoreFoundation.framework/CoreFoundation are out of sync. Falling back to library file for linking.
checked program was:
/* begin */
 1: #include "ruby.h"
 2: 
 3: /*top*/
 4: extern int t(void);
 5: int main(int argc, char **argv)
 6: {
 7:   if (argc > 1000000) {
 8:     printf("%p", &t);
 9:   }
10: 
11:   return 0;
12: }
13: extern void xmlRelaxNGSetValidStructuredErrors();
14: int t(void) { xmlRelaxNGSetValidStructuredErrors(); return 0; }
/* end */

--------------------

have_func: checking for xmlSchemaSetValidStructuredErrors()... -------------------- yes

"clang -o conftest -I/Users/jessica.leach/.rbenv/versions/2.4.2/include/ruby-2.4.0/x86_64-darwin17 -I/Users/jessica.leach/.rbenv/versions/2.4.2/include/ruby-2.4.0/ruby/backward -I/Users/jessica.leach/.rbenv/versions/2.4.2/include/ruby-2.4.0 -I. -I/usr/local/opt/libxml2/include/libxml2 -I/Users/jessica.leach/.rbenv/versions/2.4.2/include  -D_XOPEN_SOURCE -D_DARWIN_C_SOURCE -D_DARWIN_UNLIMITED_SELECT -D_REENTRANT    -O3 -Wno-error=shorten-64-to-32  -pipe  conftest.c  -L. -L/Users/jessica.leach/.rbenv/versions/2.4.2/lib -L. -L/Users/jessica.leach/.rbenv/versions/2.4.2/lib  -fstack-protector -L/usr/local/lib    -lexslt -lxslt -lxml2  -lruby-static -framework CoreFoundation -lexslt -lxslt -lxml2  -lpthread -lgmp -ldl -lobjc  "
conftest.c:13:57: error: use of undeclared identifier 'xmlSchemaSetValidStructuredErrors'
int t(void) { void ((*volatile p)()); p = (void ((*)()))xmlSchemaSetValidStructuredErrors; return !p; }
                                                        ^
1 error generated.
checked program was:
/* begin */
 1: #include "ruby.h"
 2: 
 3: /*top*/
 4: extern int t(void);
 5: int main(int argc, char **argv)
 6: {
 7:   if (argc > 1000000) {
 8:     printf("%p", &t);
 9:   }
10: 
11:   return 0;
12: }
13: int t(void) { void ((*volatile p)()); p = (void ((*)()))xmlSchemaSetValidStructuredErrors; return !p; }
/* end */

"clang -o conftest -I/Users/jessica.leach/.rbenv/versions/2.4.2/include/ruby-2.4.0/x86_64-darwin17 -I/Users/jessica.leach/.rbenv/versions/2.4.2/include/ruby-2.4.0/ruby/backward -I/Users/jessica.leach/.rbenv/versions/2.4.2/include/ruby-2.4.0 -I. -I/usr/local/opt/libxml2/include/libxml2 -I/Users/jessica.leach/.rbenv/versions/2.4.2/include  -D_XOPEN_SOURCE -D_DARWIN_C_SOURCE -D_DARWIN_UNLIMITED_SELECT -D_REENTRANT    -O3 -Wno-error=shorten-64-to-32  -pipe  conftest.c  -L. -L/Users/jessica.leach/.rbenv/versions/2.4.2/lib -L. -L/Users/jessica.leach/.rbenv/versions/2.4.2/lib  -fstack-protector -L/usr/local/lib    -lexslt -lxslt -lxml2  -lruby-static -framework CoreFoundation -lexslt -lxslt -lxml2  -lpthread -lgmp -ldl -lobjc  "
ld: warning: text-based stub file /System/Library/Frameworks//CoreFoundation.framework/CoreFoundation.tbd and library file /System/Library/Frameworks//CoreFoundation.framework/CoreFoundation are out of sync. Falling back to library file for linking.
checked program was:
/* begin */
 1: #include "ruby.h"
 2: 
 3: /*top*/
 4: extern int t(void);
 5: int main(int argc, char **argv)
 6: {
 7:   if (argc > 1000000) {
 8:     printf("%p", &t);
 9:   }
10: 
11:   return 0;
12: }
13: extern void xmlSchemaSetValidStructuredErrors();
14: int t(void) { xmlSchemaSetValidStructuredErrors(); return 0; }
/* end */

--------------------

have_func: checking for xmlSchemaSetParserStructuredErrors()... -------------------- yes

"clang -o conftest -I/Users/jessica.leach/.rbenv/versions/2.4.2/include/ruby-2.4.0/x86_64-darwin17 -I/Users/jessica.leach/.rbenv/versions/2.4.2/include/ruby-2.4.0/ruby/backward -I/Users/jessica.leach/.rbenv/versions/2.4.2/include/ruby-2.4.0 -I. -I/usr/local/opt/libxml2/include/libxml2 -I/Users/jessica.leach/.rbenv/versions/2.4.2/include  -D_XOPEN_SOURCE -D_DARWIN_C_SOURCE -D_DARWIN_UNLIMITED_SELECT -D_REENTRANT    -O3 -Wno-error=shorten-64-to-32  -pipe  conftest.c  -L. -L/Users/jessica.leach/.rbenv/versions/2.4.2/lib -L. -L/Users/jessica.leach/.rbenv/versions/2.4.2/lib  -fstack-protector -L/usr/local/lib    -lexslt -lxslt -lxml2  -lruby-static -framework CoreFoundation -lexslt -lxslt -lxml2  -lpthread -lgmp -ldl -lobjc  "
conftest.c:13:57: error: use of undeclared identifier 'xmlSchemaSetParserStructuredErrors'
int t(void) { void ((*volatile p)()); p = (void ((*)()))xmlSchemaSetParserStructuredErrors; return !p; }
                                                        ^
1 error generated.
checked program was:
/* begin */
 1: #include "ruby.h"
 2: 
 3: /*top*/
 4: extern int t(void);
 5: int main(int argc, char **argv)
 6: {
 7:   if (argc > 1000000) {
 8:     printf("%p", &t);
 9:   }
10: 
11:   return 0;
12: }
13: int t(void) { void ((*volatile p)()); p = (void ((*)()))xmlSchemaSetParserStructuredErrors; return !p; }
/* end */

"clang -o conftest -I/Users/jessica.leach/.rbenv/versions/2.4.2/include/ruby-2.4.0/x86_64-darwin17 -I/Users/jessica.leach/.rbenv/versions/2.4.2/include/ruby-2.4.0/ruby/backward -I/Users/jessica.leach/.rbenv/versions/2.4.2/include/ruby-2.4.0 -I. -I/usr/local/opt/libxml2/include/libxml2 -I/Users/jessica.leach/.rbenv/versions/2.4.2/include  -D_XOPEN_SOURCE -D_DARWIN_C_SOURCE -D_DARWIN_UNLIMITED_SELECT -D_REENTRANT    -O3 -Wno-error=shorten-64-to-32  -pipe  conftest.c  -L. -L/Users/jessica.leach/.rbenv/versions/2.4.2/lib -L. -L/Users/jessica.leach/.rbenv/versions/2.4.2/lib  -fstack-protector -L/usr/local/lib    -lexslt -lxslt -lxml2  -lruby-static -framework CoreFoundation -lexslt -lxslt -lxml2  -lpthread -lgmp -ldl -lobjc  "
ld: warning: text-based stub file /System/Library/Frameworks//CoreFoundation.framework/CoreFoundation.tbd and library file /System/Library/Frameworks//CoreFoundation.framework/CoreFoundation are out of sync. Falling back to library file for linking.
checked program was:
/* begin */
 1: #include "ruby.h"
 2: 
 3: /*top*/
 4: extern int t(void);
 5: int main(int argc, char **argv)
 6: {
 7:   if (argc > 1000000) {
 8:     printf("%p", &t);
 9:   }
10: 
11:   return 0;
12: }
13: extern void xmlSchemaSetParserStructuredErrors();
14: int t(void) { xmlSchemaSetParserStructuredErrors(); return 0; }
/* end */

--------------------

